<?xml version="1.0" encoding="UTF-8"?>
<!-- Generated by org.testng.reporters.JUnitXMLReporter -->
<testsuite ignored="0" hostname="PTPL-LAP-088" failures="0" tests="2" name="Test" time="0.084" errors="0" timestamp="2022-09-26T16:25:37 IST">
  <testcase classname="teamselectiontestcases.AtleastOneWicketKeeperValidation" name="validateAtleastOneWicketKeeper" time="0.014"/>
  <testcase classname="teamselectiontestcases.ForeignPlayersValidation" name="validateFourForeignPlayers" time="0.014"/>
</testsuite> <!-- Test -->
