<?xml version="1.0" encoding="UTF-8"?>
<testng-results ignored="0" total="2" passed="2" failed="0" skipped="0">
  <reporter-output>
  </reporter-output>
  <suite started-at="2022-09-26T16:25:36 IST" name="Suite" finished-at="2022-09-26T16:25:36 IST" duration-ms="84">
    <groups>
    </groups>
    <test started-at="2022-09-26T16:25:36 IST" name="Test" finished-at="2022-09-26T16:25:36 IST" duration-ms="84">
      <class name="teamselectiontestcases.AtleastOneWicketKeeperValidation">
        <test-method signature="validateAtleastOneWicketKeeper(java.lang.String)[pri:0, instance:teamselectiontestcases.AtleastOneWicketKeeperValidation@3315d2d7]" started-at="2022-09-26T16:25:36 IST" name="validateAtleastOneWicketKeeper" data-provider="playersData" finished-at="2022-09-26T16:25:36 IST" duration-ms="14" status="PASS">
          <params>
            <param index="0">
              <value>
                <![CDATA[{
  "name": "Royal Challengers Bangalore",
  "location": "Bangalore",
  "player": [
    {
      "name": "Faf Du Plessis",
      "country": "South Africa",
      "role": "Batsman",
      "price-in-crores": "7"
    },
    {
      "name": "Virat Kohli",
      "country": "India",
      "role": "Batsman",
      "price-in-crores": "15"
    },
    {
      "name": "Glenn Maxwell",
      "country": "Australia",
      "role": "Batsman",
      "price-in-crores": "11"
    },
    {
      "name": "Mohammad Siraj",
      "country": "India",
      "role": "Bowler",
      "price-in-crores": "7"
    },
    {
      "name": "Harshal Patel",
      "country": "India",
      "role": "Bowler",
      "price-in-crores": "10.75"
    },
    {
      "name": "Wanindu Hasaranga",
      "country": "Srilanka",
      "role": "Bowler",
      "price-in-crores": "10.75"
    },
    {
      "name": "Dinesh Karthik",
      "country": "India",
      "role": "Wicket-keeper",
      "price-in-crores": "5.5"
    },
    {
      "name": "Shahbaz Ahmed",
      "country": "India",
      "role": "All-Rounder",
      "price-in-crores": "2.4"
    },
    {
      "name": "Rajat Patidar",
      "country": "India",
      "role": "Batsman",
      "price-in-crores": "0.20"
    },
    {
      "name": "Josh Hazlewood",
      "country": "Australia",
      "role": "Bowler",
      "price-in-crores": "7.75"
    },
    {
      "name": "Mahipal Lomror",
      "country": "India",
      "role": "Bowler",
      "price-in-crores": "7.75"
    }
  ]
}]]>
              </value>
            </param>
          </params>
          <reporter-output>
          </reporter-output>
        </test-method> <!-- validateAtleastOneWicketKeeper -->
      </class> <!-- teamselectiontestcases.AtleastOneWicketKeeperValidation -->
      <class name="teamselectiontestcases.ForeignPlayersValidation">
        <test-method signature="validateFourForeignPlayers(java.lang.String)[pri:0, instance:teamselectiontestcases.ForeignPlayersValidation@5f683daf]" started-at="2022-09-26T16:25:36 IST" name="validateFourForeignPlayers" data-provider="playersData" finished-at="2022-09-26T16:25:36 IST" duration-ms="14" status="PASS">
          <params>
            <param index="0">
              <value>
                <![CDATA[{
  "name": "Royal Challengers Bangalore",
  "location": "Bangalore",
  "player": [
    {
      "name": "Faf Du Plessis",
      "country": "South Africa",
      "role": "Batsman",
      "price-in-crores": "7"
    },
    {
      "name": "Virat Kohli",
      "country": "India",
      "role": "Batsman",
      "price-in-crores": "15"
    },
    {
      "name": "Glenn Maxwell",
      "country": "Australia",
      "role": "Batsman",
      "price-in-crores": "11"
    },
    {
      "name": "Mohammad Siraj",
      "country": "India",
      "role": "Bowler",
      "price-in-crores": "7"
    },
    {
      "name": "Harshal Patel",
      "country": "India",
      "role": "Bowler",
      "price-in-crores": "10.75"
    },
    {
      "name": "Wanindu Hasaranga",
      "country": "Srilanka",
      "role": "Bowler",
      "price-in-crores": "10.75"
    },
    {
      "name": "Dinesh Karthik",
      "country": "India",
      "role": "Wicket-keeper",
      "price-in-crores": "5.5"
    },
    {
      "name": "Shahbaz Ahmed",
      "country": "India",
      "role": "All-Rounder",
      "price-in-crores": "2.4"
    },
    {
      "name": "Rajat Patidar",
      "country": "India",
      "role": "Batsman",
      "price-in-crores": "0.20"
    },
    {
      "name": "Josh Hazlewood",
      "country": "Australia",
      "role": "Bowler",
      "price-in-crores": "7.75"
    },
    {
      "name": "Mahipal Lomror",
      "country": "India",
      "role": "Bowler",
      "price-in-crores": "7.75"
    }
  ]
}]]>
              </value>
            </param>
          </params>
          <reporter-output>
          </reporter-output>
        </test-method> <!-- validateFourForeignPlayers -->
      </class> <!-- teamselectiontestcases.ForeignPlayersValidation -->
    </test> <!-- Test -->
  </suite> <!-- Suite -->
</testng-results>
